2023-04-03 01:35:34,595 INFO org.springframework.boot.StartupInfoLogger [main] Starting DemoApplicationKt using Java 11.0.12 on DESKTOP-H64KQLT with PID 7392 (C:\Users\micae\OneDrive\Escritorio\Arquitectura_de_Software\Docker\CurrencyConverter-Kotlin-Docker\target\classes started by micae in C:\Users\micae\OneDrive\Escritorio\Arquitectura_de_Software\Docker\CurrencyConverter-Kotlin-Docker)
2023-04-03 01:35:34,613 INFO org.springframework.boot.SpringApplication [main] No active profile set, falling back to 1 default profile: "default"
2023-04-03 01:35:37,063 INFO org.springframework.data.repository.config.RepositoryConfigurationDelegate [main] Bootstrapping Spring Data JPA repositories in DEFAULT mode.
2023-04-03 01:35:37,231 INFO org.springframework.data.repository.config.RepositoryConfigurationDelegate [main] Finished Spring Data repository scanning in 134 ms. Found 3 JPA repository interfaces.
2023-04-03 01:35:39,718 INFO org.springframework.boot.web.embedded.tomcat.TomcatWebServer [main] Tomcat initialized with port(s): 8008 (http)
2023-04-03 01:35:39,746 INFO org.apache.juli.logging.DirectJDKLog [main] Initializing ProtocolHandler ["http-nio-8008"]
2023-04-03 01:35:39,749 INFO org.apache.juli.logging.DirectJDKLog [main] Starting service [Tomcat]
2023-04-03 01:35:39,752 INFO org.apache.juli.logging.DirectJDKLog [main] Starting Servlet engine: [Apache Tomcat/9.0.71]
2023-04-03 01:35:40,034 INFO org.apache.juli.logging.DirectJDKLog [main] Initializing Spring embedded WebApplicationContext
2023-04-03 01:35:40,036 INFO org.springframework.boot.web.servlet.context.ServletWebServerApplicationContext [main] Root WebApplicationContext: initialization completed in 5225 ms
2023-04-03 01:35:40,323 ERROR org.apache.juli.logging.DirectJDKLog [main] For security constraints with URL pattern [/api/currency/list/*] the HTTP methods [OPTIONS] are uncovered.
2023-04-03 01:35:40,325 ERROR org.apache.juli.logging.DirectJDKLog [main] For security constraints with URL pattern [/api/currency/list] the HTTP methods [OPTIONS] are uncovered.
2023-04-03 01:35:40,327 ERROR org.apache.juli.logging.DirectJDKLog [main] For security constraints with URL pattern [/api/currency/exchange] the HTTP methods [OPTIONS] are uncovered.
2023-04-03 01:35:40,693 INFO org.hibernate.jpa.internal.util.LogHelper [main] HHH000204: Processing PersistenceUnitInfo [name: default]
2023-04-03 01:35:40,850 INFO org.hibernate.Version [main] HHH000412: Hibernate ORM core version 5.6.14.Final
2023-04-03 01:35:41,293 INFO org.hibernate.annotations.common.reflection.java.JavaReflectionManager [main] HCANN000001: Hibernate Commons Annotations {5.1.2.Final}
2023-04-03 01:35:42,251 INFO org.hibernate.dialect.Dialect [main] HHH000400: Using dialect: org.hibernate.dialect.PostgreSQL10Dialect
2023-04-03 01:35:43,720 INFO org.hibernate.engine.transaction.jta.platform.internal.JtaPlatformInitiator [main] HHH000490: Using JtaPlatform implementation: [org.hibernate.engine.transaction.jta.platform.internal.NoJtaPlatform]
2023-04-03 01:35:43,753 INFO org.springframework.orm.jpa.AbstractEntityManagerFactoryBean [main] Initialized JPA EntityManagerFactory for persistence unit 'default'
2023-04-03 01:35:44,772 WARN org.springframework.boot.autoconfigure.orm.jpa.JpaBaseConfiguration$JpaWebConfiguration [main] spring.jpa.open-in-view is enabled by default. Therefore, database queries may be performed during view rendering. Explicitly configure spring.jpa.open-in-view to disable this warning
2023-04-03 01:35:47,163 INFO org.apache.juli.logging.DirectJDKLog [main] Starting ProtocolHandler ["http-nio-8008"]
2023-04-03 01:35:47,207 INFO org.springframework.boot.web.embedded.tomcat.TomcatWebServer [main] Tomcat started on port(s): 8008 (http) with context path ''
2023-04-03 01:35:47,230 INFO org.springframework.boot.StartupInfoLogger [main] Started DemoApplicationKt in 14.159 seconds (JVM running for 15.302)
2023-04-03 01:35:57,977 INFO org.apache.juli.logging.DirectJDKLog [http-nio-8008-exec-1] Initializing Spring DispatcherServlet 'dispatcherServlet'
2023-04-03 01:35:57,980 INFO org.springframework.web.servlet.FrameworkServlet [http-nio-8008-exec-1] Initializing Servlet 'dispatcherServlet'
2023-04-03 01:35:57,987 INFO org.springframework.web.servlet.FrameworkServlet [http-nio-8008-exec-1] Completed initialization in 3 ms
2023-04-03 01:43:30,310 INFO org.springframework.orm.jpa.AbstractEntityManagerFactoryBean [SpringApplicationShutdownHook] Closing JPA EntityManagerFactory for persistence unit 'default'
