2023-04-01 22:16:57,918 INFO org.springframework.boot.StartupInfoLogger [main] Starting DemoApplicationTests using Java 11.0.12 on DESKTOP-H64KQLT with PID 1724 (started by micae in C:\Users\micae\OneDrive\Escritorio\Arquitectura_de_Software\Docker\CurrencyConverter-Kotlin-Docker)
2023-04-01 22:16:57,923 INFO org.springframework.boot.SpringApplication [main] No active profile set, falling back to 1 default profile: "default"
2023-04-01 22:17:01,913 INFO org.springframework.data.repository.config.RepositoryConfigurationDelegate [main] Bootstrapping Spring Data JPA repositories in DEFAULT mode.
2023-04-01 22:17:02,359 INFO org.springframework.data.repository.config.RepositoryConfigurationDelegate [main] Finished Spring Data repository scanning in 397 ms. Found 1 JPA repository interfaces.
2023-04-01 22:17:07,536 INFO org.hibernate.jpa.internal.util.LogHelper [main] HHH000204: Processing PersistenceUnitInfo [name: default]
2023-04-01 22:17:07,899 INFO org.hibernate.Version [main] HHH000412: Hibernate ORM core version 5.6.14.Final
2023-04-01 22:17:08,972 INFO org.hibernate.annotations.common.reflection.java.JavaReflectionManager [main] HCANN000001: Hibernate Commons Annotations {5.1.2.Final}
2023-04-01 22:17:11,622 INFO org.hibernate.dialect.Dialect [main] HHH000400: Using dialect: org.hibernate.dialect.PostgreSQL10Dialect
2023-04-01 22:17:14,158 INFO org.hibernate.engine.transaction.jta.platform.internal.JtaPlatformInitiator [main] HHH000490: Using JtaPlatform implementation: [org.hibernate.engine.transaction.jta.platform.internal.NoJtaPlatform]
2023-04-01 22:17:14,206 INFO org.springframework.orm.jpa.AbstractEntityManagerFactoryBean [main] Initialized JPA EntityManagerFactory for persistence unit 'default'
2023-04-01 22:17:17,357 WARN org.springframework.boot.autoconfigure.orm.jpa.JpaBaseConfiguration$JpaWebConfiguration [main] spring.jpa.open-in-view is enabled by default. Therefore, database queries may be performed during view rendering. Explicitly configure spring.jpa.open-in-view to disable this warning
2023-04-01 22:17:22,128 INFO org.springframework.boot.StartupInfoLogger [main] Started DemoApplicationTests in 26.331 seconds (JVM running for 30.731)
2023-04-01 22:17:23,814 INFO org.springframework.orm.jpa.AbstractEntityManagerFactoryBean [SpringApplicationShutdownHook] Closing JPA EntityManagerFactory for persistence unit 'default'
2023-04-01 22:18:50,120 INFO org.springframework.boot.StartupInfoLogger [main] Starting DemoApplicationKt using Java 11.0.12 on DESKTOP-H64KQLT with PID 7764 (C:\Users\micae\OneDrive\Escritorio\Arquitectura_de_Software\Docker\CurrencyConverter-Kotlin-Docker\target\classes started by micae in C:\Users\micae\OneDrive\Escritorio\Arquitectura_de_Software\Docker\CurrencyConverter-Kotlin-Docker)
2023-04-01 22:18:50,130 INFO org.springframework.boot.SpringApplication [main] No active profile set, falling back to 1 default profile: "default"
2023-04-01 22:18:52,504 INFO org.springframework.data.repository.config.RepositoryConfigurationDelegate [main] Bootstrapping Spring Data JPA repositories in DEFAULT mode.
2023-04-01 22:18:52,676 INFO org.springframework.data.repository.config.RepositoryConfigurationDelegate [main] Finished Spring Data repository scanning in 136 ms. Found 1 JPA repository interfaces.
2023-04-01 22:18:55,639 INFO org.springframework.boot.web.embedded.tomcat.TomcatWebServer [main] Tomcat initialized with port(s): 8008 (http)
2023-04-01 22:18:55,676 INFO org.apache.juli.logging.DirectJDKLog [main] Initializing ProtocolHandler ["http-nio-8008"]
2023-04-01 22:18:55,680 INFO org.apache.juli.logging.DirectJDKLog [main] Starting service [Tomcat]
2023-04-01 22:18:55,682 INFO org.apache.juli.logging.DirectJDKLog [main] Starting Servlet engine: [Apache Tomcat/9.0.71]
2023-04-01 22:18:56,055 INFO org.apache.juli.logging.DirectJDKLog [main] Initializing Spring embedded WebApplicationContext
2023-04-01 22:18:56,057 INFO org.springframework.boot.web.servlet.context.ServletWebServerApplicationContext [main] Root WebApplicationContext: initialization completed in 5767 ms
2023-04-01 22:18:56,376 ERROR org.apache.juli.logging.DirectJDKLog [main] For security constraints with URL pattern [/api/currency/exchange] only the HTTP methods [OPTIONS] are covered. All other methods are uncovered.
2023-04-01 22:18:56,379 ERROR org.apache.juli.logging.DirectJDKLog [main] For security constraints with URL pattern [/api/currency/list/*] the HTTP methods [OPTIONS] are uncovered.
2023-04-01 22:18:56,383 ERROR org.apache.juli.logging.DirectJDKLog [main] For security constraints with URL pattern [/api/currency/list] the HTTP methods [OPTIONS] are uncovered.
2023-04-01 22:18:56,861 INFO org.hibernate.jpa.internal.util.LogHelper [main] HHH000204: Processing PersistenceUnitInfo [name: default]
2023-04-01 22:18:57,052 INFO org.hibernate.Version [main] HHH000412: Hibernate ORM core version 5.6.14.Final
2023-04-01 22:18:57,542 INFO org.hibernate.annotations.common.reflection.java.JavaReflectionManager [main] HCANN000001: Hibernate Commons Annotations {5.1.2.Final}
2023-04-01 22:18:58,277 INFO org.hibernate.dialect.Dialect [main] HHH000400: Using dialect: org.hibernate.dialect.PostgreSQL10Dialect
2023-04-01 22:18:59,665 INFO org.hibernate.engine.transaction.jta.platform.internal.JtaPlatformInitiator [main] HHH000490: Using JtaPlatform implementation: [org.hibernate.engine.transaction.jta.platform.internal.NoJtaPlatform]
2023-04-01 22:18:59,701 INFO org.springframework.orm.jpa.AbstractEntityManagerFactoryBean [main] Initialized JPA EntityManagerFactory for persistence unit 'default'
2023-04-01 22:19:00,715 WARN org.springframework.boot.autoconfigure.orm.jpa.JpaBaseConfiguration$JpaWebConfiguration [main] spring.jpa.open-in-view is enabled by default. Therefore, database queries may be performed during view rendering. Explicitly configure spring.jpa.open-in-view to disable this warning
2023-04-01 22:19:03,158 INFO org.apache.juli.logging.DirectJDKLog [main] Starting ProtocolHandler ["http-nio-8008"]
2023-04-01 22:19:03,239 INFO org.springframework.boot.web.embedded.tomcat.TomcatWebServer [main] Tomcat started on port(s): 8008 (http) with context path ''
2023-04-01 22:19:03,271 INFO org.springframework.boot.StartupInfoLogger [main] Started DemoApplicationKt in 14.546 seconds (JVM running for 15.719)
2023-04-01 22:22:56,516 INFO org.apache.juli.logging.DirectJDKLog [http-nio-8008-exec-1] Initializing Spring DispatcherServlet 'dispatcherServlet'
2023-04-01 22:22:56,520 INFO org.springframework.web.servlet.FrameworkServlet [http-nio-8008-exec-1] Initializing Servlet 'dispatcherServlet'
2023-04-01 22:22:56,525 INFO org.springframework.web.servlet.FrameworkServlet [http-nio-8008-exec-1] Completed initialization in 3 ms
2023-04-01 22:22:56,726 INFO arquitectura.software.demo.api.CurrencyApi [http-nio-8008-exec-1] Iniciando peticion para convertir divisas de USD a BOB con un monto de 1000
2023-04-01 22:22:56,728 ERROR arquitectura.software.demo.bl.CurrencyBl [http-nio-8008-exec-1] Iniciando lógica para convertir divisas
2023-04-01 22:22:56,763 INFO arquitectura.software.demo.bl.CurrencyBl [http-nio-8008-exec-1] Invocando servicio de conversión de monedas
2023-04-01 22:22:58,514 INFO arquitectura.software.demo.bl.CurrencyBl [http-nio-8008-exec-1] Parseando respuesta del servicio de conversión de monedas
2023-04-01 22:22:58,520 INFO arquitectura.software.demo.bl.CurrencyBl [http-nio-8008-exec-1] El servicio de conversión de monedas retorno => {
    "success": true,
    "query": {
        "from": "USD",
        "to": "BOB",
        "amount": 1000
    },
    "info": {
        "timestamp": 1680402123,
        "rate": 6.895285
    },
    "date": "2023-04-02",
    "result": 6895.285
}

2023-04-01 22:22:58,523 INFO arquitectura.software.demo.bl.CurrencyBl [http-nio-8008-exec-1] El servicio de conversión de monedas fue exitoso
2023-04-01 22:26:46,957 INFO org.springframework.orm.jpa.AbstractEntityManagerFactoryBean [SpringApplicationShutdownHook] Closing JPA EntityManagerFactory for persistence unit 'default'
2023-04-01 22:33:02,587 INFO org.springframework.boot.StartupInfoLogger [main] Starting DemoApplicationKt using Java 11.0.12 on DESKTOP-H64KQLT with PID 6000 (C:\Users\micae\OneDrive\Escritorio\Arquitectura_de_Software\Docker\CurrencyConverter-Kotlin-Docker\target\classes started by micae in C:\Users\micae\OneDrive\Escritorio\Arquitectura_de_Software\Docker\CurrencyConverter-Kotlin-Docker)
2023-04-01 22:33:02,604 INFO org.springframework.boot.SpringApplication [main] No active profile set, falling back to 1 default profile: "default"
2023-04-01 22:33:05,371 INFO org.springframework.data.repository.config.RepositoryConfigurationDelegate [main] Bootstrapping Spring Data JPA repositories in DEFAULT mode.
2023-04-01 22:33:05,656 INFO org.springframework.data.repository.config.RepositoryConfigurationDelegate [main] Finished Spring Data repository scanning in 220 ms. Found 1 JPA repository interfaces.
2023-04-01 22:33:09,676 INFO org.springframework.boot.web.embedded.tomcat.TomcatWebServer [main] Tomcat initialized with port(s): 8008 (http)
2023-04-01 22:33:09,707 INFO org.apache.juli.logging.DirectJDKLog [main] Initializing ProtocolHandler ["http-nio-8008"]
2023-04-01 22:33:09,711 INFO org.apache.juli.logging.DirectJDKLog [main] Starting service [Tomcat]
2023-04-01 22:33:09,712 INFO org.apache.juli.logging.DirectJDKLog [main] Starting Servlet engine: [Apache Tomcat/9.0.71]
2023-04-01 22:33:10,208 INFO org.apache.juli.logging.DirectJDKLog [main] Initializing Spring embedded WebApplicationContext
2023-04-01 22:33:10,210 INFO org.springframework.boot.web.servlet.context.ServletWebServerApplicationContext [main] Root WebApplicationContext: initialization completed in 7418 ms
2023-04-01 22:33:10,783 ERROR org.apache.juli.logging.DirectJDKLog [main] For security constraints with URL pattern [/api/currency/exchange] only the HTTP methods [OPTIONS] are covered. All other methods are uncovered.
2023-04-01 22:33:10,832 ERROR org.apache.juli.logging.DirectJDKLog [main] For security constraints with URL pattern [/api/currency/list/*] the HTTP methods [OPTIONS] are uncovered.
2023-04-01 22:33:10,853 ERROR org.apache.juli.logging.DirectJDKLog [main] For security constraints with URL pattern [/api/currency/list] the HTTP methods [OPTIONS] are uncovered.
2023-04-01 22:33:11,269 INFO org.hibernate.jpa.internal.util.LogHelper [main] HHH000204: Processing PersistenceUnitInfo [name: default]
2023-04-01 22:33:11,495 INFO org.hibernate.Version [main] HHH000412: Hibernate ORM core version 5.6.14.Final
2023-04-01 22:33:12,187 INFO org.hibernate.annotations.common.reflection.java.JavaReflectionManager [main] HCANN000001: Hibernate Commons Annotations {5.1.2.Final}
2023-04-01 22:33:13,427 INFO org.hibernate.dialect.Dialect [main] HHH000400: Using dialect: org.hibernate.dialect.PostgreSQL10Dialect
2023-04-01 22:33:14,733 INFO org.hibernate.engine.transaction.jta.platform.internal.JtaPlatformInitiator [main] HHH000490: Using JtaPlatform implementation: [org.hibernate.engine.transaction.jta.platform.internal.NoJtaPlatform]
2023-04-01 22:33:14,760 INFO org.springframework.orm.jpa.AbstractEntityManagerFactoryBean [main] Initialized JPA EntityManagerFactory for persistence unit 'default'
2023-04-01 22:33:15,945 WARN org.springframework.boot.autoconfigure.orm.jpa.JpaBaseConfiguration$JpaWebConfiguration [main] spring.jpa.open-in-view is enabled by default. Therefore, database queries may be performed during view rendering. Explicitly configure spring.jpa.open-in-view to disable this warning
2023-04-01 22:33:18,614 INFO org.apache.juli.logging.DirectJDKLog [main] Starting ProtocolHandler ["http-nio-8008"]
2023-04-01 22:33:18,715 INFO org.springframework.boot.web.embedded.tomcat.TomcatWebServer [main] Tomcat started on port(s): 8008 (http) with context path ''
2023-04-01 22:33:18,770 INFO org.springframework.boot.StartupInfoLogger [main] Started DemoApplicationKt in 18.116 seconds (JVM running for 19.529)
2023-04-01 22:56:44,022 INFO org.apache.juli.logging.DirectJDKLog [http-nio-8008-exec-2] Initializing Spring DispatcherServlet 'dispatcherServlet'
2023-04-01 22:56:44,025 INFO org.springframework.web.servlet.FrameworkServlet [http-nio-8008-exec-2] Initializing Servlet 'dispatcherServlet'
2023-04-01 22:56:44,029 INFO org.springframework.web.servlet.FrameworkServlet [http-nio-8008-exec-2] Completed initialization in 3 ms
2023-04-01 22:56:44,204 INFO arquitectura.software.demo.api.CurrencyApi [http-nio-8008-exec-2] Iniciando peticion para convertir divisas de USD a BOB con un monto de 1000
2023-04-01 22:56:44,206 ERROR arquitectura.software.demo.bl.CurrencyBl [http-nio-8008-exec-2] Iniciando lógica para convertir divisas
2023-04-01 22:56:44,242 INFO arquitectura.software.demo.bl.CurrencyBl [http-nio-8008-exec-2] Invocando servicio de conversión de monedas
2023-04-01 22:56:45,793 INFO arquitectura.software.demo.bl.CurrencyBl [http-nio-8008-exec-2] Parseando respuesta del servicio de conversión de monedas
2023-04-01 22:56:45,800 INFO arquitectura.software.demo.bl.CurrencyBl [http-nio-8008-exec-2] El servicio de conversión de monedas retorno => {
    "success": true,
    "query": {
        "from": "USD",
        "to": "BOB",
        "amount": 1000
    },
    "info": {
        "timestamp": 1680404163,
        "rate": 6.895285
    },
    "date": "2023-04-02",
    "result": 6895.285
}

2023-04-01 22:56:45,807 INFO arquitectura.software.demo.bl.CurrencyBl [http-nio-8008-exec-2] El servicio de conversión de monedas fue exitoso
2023-04-01 23:06:58,094 INFO org.springframework.orm.jpa.AbstractEntityManagerFactoryBean [SpringApplicationShutdownHook] Closing JPA EntityManagerFactory for persistence unit 'default'
2023-04-01 23:08:19,356 INFO org.springframework.boot.StartupInfoLogger [main] Starting DemoApplicationKt using Java 11.0.12 on DESKTOP-H64KQLT with PID 11252 (C:\Users\micae\OneDrive\Escritorio\Arquitectura_de_Software\Docker\CurrencyConverter-Kotlin-Docker\target\classes started by micae in C:\Users\micae\OneDrive\Escritorio\Arquitectura_de_Software\Docker\CurrencyConverter-Kotlin-Docker)
2023-04-01 23:08:19,366 INFO org.springframework.boot.SpringApplication [main] No active profile set, falling back to 1 default profile: "default"
2023-04-01 23:08:21,731 INFO org.springframework.data.repository.config.RepositoryConfigurationDelegate [main] Bootstrapping Spring Data JPA repositories in DEFAULT mode.
2023-04-01 23:08:21,946 INFO org.springframework.data.repository.config.RepositoryConfigurationDelegate [main] Finished Spring Data repository scanning in 168 ms. Found 1 JPA repository interfaces.
2023-04-01 23:08:24,746 INFO org.springframework.boot.web.embedded.tomcat.TomcatWebServer [main] Tomcat initialized with port(s): 8008 (http)
2023-04-01 23:08:24,809 INFO org.apache.juli.logging.DirectJDKLog [main] Initializing ProtocolHandler ["http-nio-8008"]
2023-04-01 23:08:24,814 INFO org.apache.juli.logging.DirectJDKLog [main] Starting service [Tomcat]
2023-04-01 23:08:24,816 INFO org.apache.juli.logging.DirectJDKLog [main] Starting Servlet engine: [Apache Tomcat/9.0.71]
2023-04-01 23:08:25,129 INFO org.apache.juli.logging.DirectJDKLog [main] Initializing Spring embedded WebApplicationContext
2023-04-01 23:08:25,131 INFO org.springframework.boot.web.servlet.context.ServletWebServerApplicationContext [main] Root WebApplicationContext: initialization completed in 5572 ms
2023-04-01 23:08:25,443 ERROR org.apache.juli.logging.DirectJDKLog [main] For security constraints with URL pattern [/api/currency/exchange] only the HTTP methods [OPTIONS] are covered. All other methods are uncovered.
2023-04-01 23:08:25,444 ERROR org.apache.juli.logging.DirectJDKLog [main] For security constraints with URL pattern [/api/currency/list/*] the HTTP methods [OPTIONS] are uncovered.
2023-04-01 23:08:25,447 ERROR org.apache.juli.logging.DirectJDKLog [main] For security constraints with URL pattern [/api/currency/list] the HTTP methods [OPTIONS] are uncovered.
2023-04-01 23:08:25,796 INFO org.hibernate.jpa.internal.util.LogHelper [main] HHH000204: Processing PersistenceUnitInfo [name: default]
2023-04-01 23:08:25,957 INFO org.hibernate.Version [main] HHH000412: Hibernate ORM core version 5.6.14.Final
2023-04-01 23:08:26,373 INFO org.hibernate.annotations.common.reflection.java.JavaReflectionManager [main] HCANN000001: Hibernate Commons Annotations {5.1.2.Final}
2023-04-01 23:08:27,221 INFO org.hibernate.dialect.Dialect [main] HHH000400: Using dialect: org.hibernate.dialect.PostgreSQL10Dialect
2023-04-01 23:08:28,586 INFO org.hibernate.engine.transaction.jta.platform.internal.JtaPlatformInitiator [main] HHH000490: Using JtaPlatform implementation: [org.hibernate.engine.transaction.jta.platform.internal.NoJtaPlatform]
2023-04-01 23:08:28,630 INFO org.springframework.orm.jpa.AbstractEntityManagerFactoryBean [main] Initialized JPA EntityManagerFactory for persistence unit 'default'
2023-04-01 23:08:29,702 WARN org.springframework.boot.autoconfigure.orm.jpa.JpaBaseConfiguration$JpaWebConfiguration [main] spring.jpa.open-in-view is enabled by default. Therefore, database queries may be performed during view rendering. Explicitly configure spring.jpa.open-in-view to disable this warning
2023-04-01 23:08:32,205 INFO org.apache.juli.logging.DirectJDKLog [main] Starting ProtocolHandler ["http-nio-8008"]
2023-04-01 23:08:32,273 INFO org.springframework.boot.web.embedded.tomcat.TomcatWebServer [main] Tomcat started on port(s): 8008 (http) with context path ''
2023-04-01 23:08:32,298 INFO org.springframework.boot.StartupInfoLogger [main] Started DemoApplicationKt in 14.612 seconds (JVM running for 16.266)
2023-04-01 23:19:38,017 INFO org.springframework.orm.jpa.AbstractEntityManagerFactoryBean [SpringApplicationShutdownHook] Closing JPA EntityManagerFactory for persistence unit 'default'
